[2025-09-11 19:26:03,035: INFO: main: Welcome to my Data Science Project!
]
[2025-09-11 19:26:18,032: INFO: main: Welcome to my Data Science Project!
]
[2025-09-11 19:31:36,493-> INFO-> main-> Welcome to my Data Science Project!
]
[2025-09-25 19:01:42,260-> INFO-> main-> >>>>>> stage Data Ingestion stage started <<<<<<]
[2025-09-25 19:01:42,263-> INFO-> common-> yaml file: C:\Users\Darius\PycharmProjects\Mlops_Project_1\src\datascience\config\config.yaml loaded successfully]
[2025-09-25 19:01:42,265-> INFO-> common-> yaml file: C:\Users\Darius\PycharmProjects\Mlops_Project_1\params.yaml loaded successfully]
[2025-09-25 19:01:42,266-> INFO-> common-> yaml file: C:\Users\Darius\PycharmProjects\Mlops_Project_1\schema.yaml loaded successfully]
[2025-09-25 19:01:42,267-> INFO-> common-> created directory at: artifacts]
[2025-09-25 19:01:42,267-> INFO-> common-> created directory at: artifacts/data_ingestion]
[2025-09-25 19:01:42,838-> INFO-> data_ingestion-> artifacts/data_ingestion/data.zip download! with following info: 
Connection: close
Content-Length: 23329
Cache-Control: max-age=300
Content-Security-Policy: default-src 'none'; style-src 'unsafe-inline'; sandbox
Content-Type: application/zip
ETag: "c69888a4ae59bc5a893392785a938ccd4937981c06ba8a9d6a21aa52b4ab5b6e"
Strict-Transport-Security: max-age=31536000
X-Content-Type-Options: nosniff
X-Frame-Options: deny
X-XSS-Protection: 1; mode=block
X-GitHub-Request-Id: 68E6:20C991:A5D39A:C0D581:68D56765
Accept-Ranges: bytes
Date: Thu, 25 Sep 2025 16:01:42 GMT
Via: 1.1 varnish
X-Served-By: cache-fra-etou8220118-FRA
X-Cache: MISS
X-Cache-Hits: 0
X-Timer: S1758816103.675121,VS0,VE122
Vary: Authorization,Accept-Encoding
Access-Control-Allow-Origin: *
Cross-Origin-Resource-Policy: cross-origin
X-Fastly-Request-ID: 37b395f6e739d68de998ba2a3bb83139422b02b9
Expires: Thu, 25 Sep 2025 16:06:42 GMT
Source-Age: 0

]
[2025-09-25 19:01:42,841-> INFO-> main-> >>>>>> stage Data Ingestion stage completed <<<<<<

x==========x]
[2025-09-25 21:08:21,308-> INFO-> main-> >>>>>> stage Data Ingestion stage started <<<<<<]
[2025-09-25 21:08:21,310-> INFO-> common-> yaml file: C:\Users\Darius\PycharmProjects\Mlops_Project_1\src\datascience\config\config.yaml loaded successfully]
[2025-09-25 21:08:21,311-> INFO-> common-> yaml file: C:\Users\Darius\PycharmProjects\Mlops_Project_1\params.yaml loaded successfully]
[2025-09-25 21:08:21,312-> INFO-> common-> yaml file: C:\Users\Darius\PycharmProjects\Mlops_Project_1\schema.yaml loaded successfully]
[2025-09-25 21:08:21,312-> INFO-> common-> created directory at: artifacts]
[2025-09-25 21:08:21,313-> INFO-> common-> created directory at: artifacts/data_ingestion]
[2025-09-25 21:08:21,313-> INFO-> data_ingestion-> File already exists]
[2025-09-25 21:08:21,315-> INFO-> main-> >>>>>> stage Data Ingestion stage completed <<<<<<

x==========x]
[2025-09-25 21:08:21,315-> INFO-> main-> >>>>>> stage Data Validation stage started <<<<<<]
[2025-09-25 21:08:21,317-> INFO-> common-> yaml file: C:\Users\Darius\PycharmProjects\Mlops_Project_1\src\datascience\config\config.yaml loaded successfully]
[2025-09-25 21:08:21,318-> INFO-> common-> yaml file: C:\Users\Darius\PycharmProjects\Mlops_Project_1\params.yaml loaded successfully]
[2025-09-25 21:08:21,319-> INFO-> common-> yaml file: C:\Users\Darius\PycharmProjects\Mlops_Project_1\schema.yaml loaded successfully]
[2025-09-25 21:08:21,319-> INFO-> common-> created directory at: artifacts]
[2025-09-25 21:08:21,320-> INFO-> common-> created directory at: artifacts/data_validation]
[2025-09-25 21:08:21,329-> INFO-> main-> >>>>>> stage Data Validation stage completed <<<<<<

x==========x]
[2025-10-14 18:13:12,709-> INFO-> main-> >>>>>> stage Data Ingestion stage started <<<<<<]
[2025-10-14 18:13:12,712-> INFO-> common-> yaml file: C:\Users\Darius\PycharmProjects\Mlops_Project_1\src\datascience\config\config.yaml loaded successfully]
[2025-10-14 18:13:12,713-> INFO-> common-> yaml file: C:\Users\Darius\PycharmProjects\Mlops_Project_1\params.yaml loaded successfully]
[2025-10-14 18:13:12,716-> INFO-> common-> yaml file: C:\Users\Darius\PycharmProjects\Mlops_Project_1\schema.yaml loaded successfully]
[2025-10-14 18:13:12,716-> INFO-> common-> created directory at: artifacts]
[2025-10-14 18:13:12,717-> INFO-> common-> created directory at: artifacts/data_ingestion]
[2025-10-14 18:13:12,717-> INFO-> data_ingestion-> File already exists]
[2025-10-14 18:13:12,722-> INFO-> main-> >>>>>> stage Data Ingestion stage completed <<<<<<

x==========x]
[2025-10-14 18:13:12,722-> INFO-> main-> >>>>>> stage Data Validation stage started <<<<<<]
[2025-10-14 18:13:12,724-> INFO-> common-> yaml file: C:\Users\Darius\PycharmProjects\Mlops_Project_1\src\datascience\config\config.yaml loaded successfully]
[2025-10-14 18:13:12,724-> INFO-> common-> yaml file: C:\Users\Darius\PycharmProjects\Mlops_Project_1\params.yaml loaded successfully]
[2025-10-14 18:13:12,725-> INFO-> common-> yaml file: C:\Users\Darius\PycharmProjects\Mlops_Project_1\schema.yaml loaded successfully]
[2025-10-14 18:13:12,726-> INFO-> common-> created directory at: artifacts]
[2025-10-14 18:13:12,726-> INFO-> common-> created directory at: artifacts/data_validation]
[2025-10-14 18:13:12,740-> INFO-> main-> >>>>>> stage Data Validation stage completed <<<<<<

x==========x]
[2025-10-14 18:13:12,740-> INFO-> main-> >>>>>> stage Data Transformation stage started <<<<<<]
[2025-10-14 18:13:12,740-> INFO-> main-> >>>>>> stage Data Transformation stage completed <<<<<<

x==========x]
[2025-10-14 18:14:43,839-> INFO-> main-> >>>>>> stage Data Ingestion stage started <<<<<<]
[2025-10-14 18:14:43,841-> INFO-> common-> yaml file: C:\Users\Darius\PycharmProjects\Mlops_Project_1\src\datascience\config\config.yaml loaded successfully]
[2025-10-14 18:14:43,842-> INFO-> common-> yaml file: C:\Users\Darius\PycharmProjects\Mlops_Project_1\params.yaml loaded successfully]
[2025-10-14 18:14:43,843-> INFO-> common-> yaml file: C:\Users\Darius\PycharmProjects\Mlops_Project_1\schema.yaml loaded successfully]
[2025-10-14 18:14:43,843-> INFO-> common-> created directory at: artifacts]
[2025-10-14 18:14:43,844-> INFO-> common-> created directory at: artifacts/data_ingestion]
[2025-10-14 18:14:43,844-> INFO-> data_ingestion-> File already exists]
[2025-10-14 18:14:43,846-> INFO-> main-> >>>>>> stage Data Ingestion stage completed <<<<<<

x==========x]
[2025-10-14 18:14:43,846-> INFO-> main-> >>>>>> stage Data Validation stage started <<<<<<]
[2025-10-14 18:14:43,848-> INFO-> common-> yaml file: C:\Users\Darius\PycharmProjects\Mlops_Project_1\src\datascience\config\config.yaml loaded successfully]
[2025-10-14 18:14:43,848-> INFO-> common-> yaml file: C:\Users\Darius\PycharmProjects\Mlops_Project_1\params.yaml loaded successfully]
[2025-10-14 18:14:43,849-> INFO-> common-> yaml file: C:\Users\Darius\PycharmProjects\Mlops_Project_1\schema.yaml loaded successfully]
[2025-10-14 18:14:43,851-> INFO-> common-> created directory at: artifacts]
[2025-10-14 18:14:43,851-> INFO-> common-> created directory at: artifacts/data_validation]
[2025-10-14 18:14:43,862-> INFO-> main-> >>>>>> stage Data Validation stage completed <<<<<<

x==========x]
[2025-10-14 18:14:43,862-> INFO-> main-> >>>>>> stage Data Transformation stage started <<<<<<]
[2025-10-14 18:14:43,864-> INFO-> common-> yaml file: C:\Users\Darius\PycharmProjects\Mlops_Project_1\src\datascience\config\config.yaml loaded successfully]
[2025-10-14 18:14:43,865-> INFO-> common-> yaml file: C:\Users\Darius\PycharmProjects\Mlops_Project_1\params.yaml loaded successfully]
[2025-10-14 18:14:43,866-> INFO-> common-> yaml file: C:\Users\Darius\PycharmProjects\Mlops_Project_1\schema.yaml loaded successfully]
[2025-10-14 18:14:43,867-> INFO-> common-> created directory at: artifacts]
[2025-10-14 18:14:43,867-> INFO-> common-> created directory at: artifacts/data_transformation]
[2025-10-14 18:14:43,884-> INFO-> data_transformation-> Split data into training and test sets]
[2025-10-14 18:14:43,884-> INFO-> data_transformation-> (1199, 12)]
[2025-10-14 18:14:43,884-> INFO-> data_transformation-> (400, 12)]
[2025-10-14 18:14:43,885-> INFO-> main-> >>>>>> stage Data Transformation stage completed <<<<<<

x==========x]
[2025-10-23 16:13:30,569-> INFO-> main-> >>>>>> stage Data Ingestion stage started <<<<<<]
[2025-10-23 16:13:30,572-> INFO-> common-> yaml file: C:\Users\Darius\PycharmProjects\Mlops_Project_1\src\datascience\config\config.yaml loaded successfully]
[2025-10-23 16:13:30,574-> INFO-> common-> yaml file: C:\Users\Darius\PycharmProjects\Mlops_Project_1\params.yaml loaded successfully]
[2025-10-23 16:13:30,576-> INFO-> common-> yaml file: C:\Users\Darius\PycharmProjects\Mlops_Project_1\schema.yaml loaded successfully]
[2025-10-23 16:13:30,577-> INFO-> common-> created directory at: artifacts]
[2025-10-23 16:13:30,577-> INFO-> common-> created directory at: artifacts/data_ingestion]
[2025-10-23 16:13:30,577-> INFO-> data_ingestion-> File already exists]
[2025-10-23 16:13:30,581-> INFO-> main-> >>>>>> stage Data Ingestion stage completed <<<<<<

x==========x]
[2025-10-23 16:13:30,581-> INFO-> main-> >>>>>> stage Data Validation stage started <<<<<<]
[2025-10-23 16:13:30,583-> INFO-> common-> yaml file: C:\Users\Darius\PycharmProjects\Mlops_Project_1\src\datascience\config\config.yaml loaded successfully]
[2025-10-23 16:13:30,583-> INFO-> common-> yaml file: C:\Users\Darius\PycharmProjects\Mlops_Project_1\params.yaml loaded successfully]
[2025-10-23 16:13:30,584-> INFO-> common-> yaml file: C:\Users\Darius\PycharmProjects\Mlops_Project_1\schema.yaml loaded successfully]
[2025-10-23 16:13:30,585-> INFO-> common-> created directory at: artifacts]
[2025-10-23 16:13:30,585-> INFO-> common-> created directory at: artifacts/data_validation]
[2025-10-23 16:13:30,596-> INFO-> main-> >>>>>> stage Data Validation stage completed <<<<<<

x==========x]
[2025-10-23 16:13:30,597-> INFO-> main-> >>>>>> stage Data Transformation stage started <<<<<<]
[2025-10-23 16:13:30,599-> INFO-> common-> yaml file: C:\Users\Darius\PycharmProjects\Mlops_Project_1\src\datascience\config\config.yaml loaded successfully]
[2025-10-23 16:13:30,599-> INFO-> common-> yaml file: C:\Users\Darius\PycharmProjects\Mlops_Project_1\params.yaml loaded successfully]
[2025-10-23 16:13:30,601-> INFO-> common-> yaml file: C:\Users\Darius\PycharmProjects\Mlops_Project_1\schema.yaml loaded successfully]
[2025-10-23 16:13:30,601-> INFO-> common-> created directory at: artifacts]
[2025-10-23 16:13:30,601-> INFO-> common-> created directory at: artifacts/data_transformation]
[2025-10-23 16:13:30,624-> INFO-> data_transformation-> Split data into training and test sets]
[2025-10-23 16:13:30,624-> INFO-> data_transformation-> (1199, 12)]
[2025-10-23 16:13:30,624-> INFO-> data_transformation-> (400, 12)]
[2025-10-23 16:13:30,625-> INFO-> main-> >>>>>> stage Data Transformation stage completed <<<<<<

x==========x]
[2025-10-23 16:13:30,625-> INFO-> main-> >>>>>> stage Model Trainer stage started <<<<<<]
[2025-10-23 16:13:30,627-> INFO-> common-> yaml file: C:\Users\Darius\PycharmProjects\Mlops_Project_1\src\datascience\config\config.yaml loaded successfully]
[2025-10-23 16:13:30,627-> INFO-> common-> yaml file: C:\Users\Darius\PycharmProjects\Mlops_Project_1\params.yaml loaded successfully]
[2025-10-23 16:13:30,628-> INFO-> common-> yaml file: C:\Users\Darius\PycharmProjects\Mlops_Project_1\schema.yaml loaded successfully]
[2025-10-23 16:13:30,629-> INFO-> common-> created directory at: artifacts]
[2025-10-23 16:13:30,629-> ERROR-> main-> 'tuple' object has no attribute 'ElasticNet']
Traceback (most recent call last):
  File "C:\Users\Darius\PycharmProjects\Mlops_Project_1\main.py", line 54, in <module>
    data_ingestion.initiate_model_training()
  File "C:\Users\Darius\PycharmProjects\Mlops_Project_1\src\datascience\pipeline\model_trainer_pipeline.py", line 14, in initiate_model_training
    model_trainer_config = config.get_model_trainer_config()
                           ^^^^^^^^^^^^^^^^^^^^^^^^^^^^^^^^^
  File "C:\Users\Darius\PycharmProjects\Mlops_Project_1\src\datascience\config\configuration.py", line 63, in get_model_trainer_config
    params = self.params.ElasticNet
             ^^^^^^^^^^^^^^^^^^^^^^
AttributeError: 'tuple' object has no attribute 'ElasticNet'
[2025-10-23 16:14:40,274-> INFO-> main-> >>>>>> stage Data Ingestion stage started <<<<<<]
[2025-10-23 16:14:40,276-> INFO-> common-> yaml file: C:\Users\Darius\PycharmProjects\Mlops_Project_1\src\datascience\config\config.yaml loaded successfully]
[2025-10-23 16:14:40,277-> INFO-> common-> yaml file: C:\Users\Darius\PycharmProjects\Mlops_Project_1\params.yaml loaded successfully]
[2025-10-23 16:14:40,278-> INFO-> common-> yaml file: C:\Users\Darius\PycharmProjects\Mlops_Project_1\schema.yaml loaded successfully]
[2025-10-23 16:14:40,278-> INFO-> common-> created directory at: artifacts]
[2025-10-23 16:14:40,279-> INFO-> common-> created directory at: artifacts/data_ingestion]
[2025-10-23 16:14:40,279-> INFO-> data_ingestion-> File already exists]
[2025-10-23 16:14:40,281-> INFO-> main-> >>>>>> stage Data Ingestion stage completed <<<<<<

x==========x]
[2025-10-23 16:14:40,281-> INFO-> main-> >>>>>> stage Data Validation stage started <<<<<<]
[2025-10-23 16:14:40,283-> INFO-> common-> yaml file: C:\Users\Darius\PycharmProjects\Mlops_Project_1\src\datascience\config\config.yaml loaded successfully]
[2025-10-23 16:14:40,283-> INFO-> common-> yaml file: C:\Users\Darius\PycharmProjects\Mlops_Project_1\params.yaml loaded successfully]
[2025-10-23 16:14:40,284-> INFO-> common-> yaml file: C:\Users\Darius\PycharmProjects\Mlops_Project_1\schema.yaml loaded successfully]
[2025-10-23 16:14:40,285-> INFO-> common-> created directory at: artifacts]
[2025-10-23 16:14:40,285-> INFO-> common-> created directory at: artifacts/data_validation]
[2025-10-23 16:14:40,293-> INFO-> main-> >>>>>> stage Data Validation stage completed <<<<<<

x==========x]
[2025-10-23 16:14:40,293-> INFO-> main-> >>>>>> stage Data Transformation stage started <<<<<<]
[2025-10-23 16:14:40,295-> INFO-> common-> yaml file: C:\Users\Darius\PycharmProjects\Mlops_Project_1\src\datascience\config\config.yaml loaded successfully]
[2025-10-23 16:14:40,296-> INFO-> common-> yaml file: C:\Users\Darius\PycharmProjects\Mlops_Project_1\params.yaml loaded successfully]
[2025-10-23 16:14:40,297-> INFO-> common-> yaml file: C:\Users\Darius\PycharmProjects\Mlops_Project_1\schema.yaml loaded successfully]
[2025-10-23 16:14:40,297-> INFO-> common-> created directory at: artifacts]
[2025-10-23 16:14:40,298-> INFO-> common-> created directory at: artifacts/data_transformation]
[2025-10-23 16:14:40,313-> INFO-> data_transformation-> Split data into training and test sets]
[2025-10-23 16:14:40,313-> INFO-> data_transformation-> (1199, 12)]
[2025-10-23 16:14:40,313-> INFO-> data_transformation-> (400, 12)]
[2025-10-23 16:14:40,314-> INFO-> main-> >>>>>> stage Data Transformation stage completed <<<<<<

x==========x]
[2025-10-23 16:14:40,314-> INFO-> main-> >>>>>> stage Model Trainer stage started <<<<<<]
[2025-10-23 16:14:40,315-> INFO-> common-> yaml file: C:\Users\Darius\PycharmProjects\Mlops_Project_1\src\datascience\config\config.yaml loaded successfully]
[2025-10-23 16:14:40,316-> INFO-> common-> yaml file: C:\Users\Darius\PycharmProjects\Mlops_Project_1\params.yaml loaded successfully]
[2025-10-23 16:14:40,317-> INFO-> common-> yaml file: C:\Users\Darius\PycharmProjects\Mlops_Project_1\schema.yaml loaded successfully]
[2025-10-23 16:14:40,317-> INFO-> common-> created directory at: artifacts]
[2025-10-23 16:14:40,317-> ERROR-> main-> 'tuple' object has no attribute 'ElasticNet']
Traceback (most recent call last):
  File "C:\Users\Darius\PycharmProjects\Mlops_Project_1\main.py", line 54, in <module>
    data_ingestion.initiate_model_training()
  File "C:\Users\Darius\PycharmProjects\Mlops_Project_1\src\datascience\pipeline\model_trainer_pipeline.py", line 14, in initiate_model_training
    model_trainer_config = config.get_model_trainer_config()
                           ^^^^^^^^^^^^^^^^^^^^^^^^^^^^^^^^^
  File "C:\Users\Darius\PycharmProjects\Mlops_Project_1\src\datascience\config\configuration.py", line 64, in get_model_trainer_config
    params = self.params.ElasticNet
             ^^^^^^^^^^^^^^^^^^^^^^
AttributeError: 'tuple' object has no attribute 'ElasticNet'
[2025-10-23 16:16:26,836-> INFO-> main-> >>>>>> stage Data Ingestion stage started <<<<<<]
[2025-10-23 16:16:26,838-> INFO-> common-> yaml file: C:\Users\Darius\PycharmProjects\Mlops_Project_1\src\datascience\config\config.yaml loaded successfully]
[2025-10-23 16:16:26,839-> INFO-> common-> yaml file: C:\Users\Darius\PycharmProjects\Mlops_Project_1\params.yaml loaded successfully]
[2025-10-23 16:16:26,840-> INFO-> common-> yaml file: C:\Users\Darius\PycharmProjects\Mlops_Project_1\schema.yaml loaded successfully]
[2025-10-23 16:16:26,840-> INFO-> common-> created directory at: artifacts]
[2025-10-23 16:16:26,840-> INFO-> common-> created directory at: artifacts/data_ingestion]
[2025-10-23 16:16:26,841-> INFO-> data_ingestion-> File already exists]
[2025-10-23 16:16:26,843-> INFO-> main-> >>>>>> stage Data Ingestion stage completed <<<<<<

x==========x]
[2025-10-23 16:16:26,843-> INFO-> main-> >>>>>> stage Data Validation stage started <<<<<<]
[2025-10-23 16:16:26,845-> INFO-> common-> yaml file: C:\Users\Darius\PycharmProjects\Mlops_Project_1\src\datascience\config\config.yaml loaded successfully]
[2025-10-23 16:16:26,845-> INFO-> common-> yaml file: C:\Users\Darius\PycharmProjects\Mlops_Project_1\params.yaml loaded successfully]
[2025-10-23 16:16:26,846-> INFO-> common-> yaml file: C:\Users\Darius\PycharmProjects\Mlops_Project_1\schema.yaml loaded successfully]
[2025-10-23 16:16:26,847-> INFO-> common-> created directory at: artifacts]
[2025-10-23 16:16:26,847-> INFO-> common-> created directory at: artifacts/data_validation]
[2025-10-23 16:16:26,855-> INFO-> main-> >>>>>> stage Data Validation stage completed <<<<<<

x==========x]
[2025-10-23 16:16:26,855-> INFO-> main-> >>>>>> stage Data Transformation stage started <<<<<<]
[2025-10-23 16:16:26,857-> INFO-> common-> yaml file: C:\Users\Darius\PycharmProjects\Mlops_Project_1\src\datascience\config\config.yaml loaded successfully]
[2025-10-23 16:16:26,858-> INFO-> common-> yaml file: C:\Users\Darius\PycharmProjects\Mlops_Project_1\params.yaml loaded successfully]
[2025-10-23 16:16:26,859-> INFO-> common-> yaml file: C:\Users\Darius\PycharmProjects\Mlops_Project_1\schema.yaml loaded successfully]
[2025-10-23 16:16:26,860-> INFO-> common-> created directory at: artifacts]
[2025-10-23 16:16:26,860-> INFO-> common-> created directory at: artifacts/data_transformation]
[2025-10-23 16:16:26,875-> INFO-> data_transformation-> Split data into training and test sets]
[2025-10-23 16:16:26,875-> INFO-> data_transformation-> (1199, 12)]
[2025-10-23 16:16:26,875-> INFO-> data_transformation-> (400, 12)]
[2025-10-23 16:16:26,876-> INFO-> main-> >>>>>> stage Data Transformation stage completed <<<<<<

x==========x]
[2025-10-23 16:16:26,876-> INFO-> main-> >>>>>> stage Model Trainer stage started <<<<<<]
[2025-10-23 16:16:26,877-> INFO-> common-> yaml file: C:\Users\Darius\PycharmProjects\Mlops_Project_1\src\datascience\config\config.yaml loaded successfully]
[2025-10-23 16:16:26,878-> INFO-> common-> yaml file: C:\Users\Darius\PycharmProjects\Mlops_Project_1\params.yaml loaded successfully]
[2025-10-23 16:16:26,879-> INFO-> common-> yaml file: C:\Users\Darius\PycharmProjects\Mlops_Project_1\schema.yaml loaded successfully]
[2025-10-23 16:16:26,879-> INFO-> common-> created directory at: artifacts]
[2025-10-23 16:16:26,879-> ERROR-> main-> 'tuple' object has no attribute 'ElasticNet']
Traceback (most recent call last):
  File "C:\Users\Darius\PycharmProjects\Mlops_Project_1\main.py", line 54, in <module>
    data_ingestion.initiate_model_training()
  File "C:\Users\Darius\PycharmProjects\Mlops_Project_1\src\datascience\pipeline\model_trainer_pipeline.py", line 14, in initiate_model_training
    model_trainer_config = config.get_model_trainer_config()
                           ^^^^^^^^^^^^^^^^^^^^^^^^^^^^^^^^^
  File "C:\Users\Darius\PycharmProjects\Mlops_Project_1\src\datascience\config\configuration.py", line 63, in get_model_trainer_config
    params = self.params.ElasticNet
             ^^^^^^^^^^^^^^^^^^^^^^
AttributeError: 'tuple' object has no attribute 'ElasticNet'
[2025-10-23 16:22:59,548-> INFO-> main-> >>>>>> stage Data Ingestion stage started <<<<<<]
[2025-10-23 16:22:59,550-> INFO-> common-> yaml file: C:\Users\Darius\PycharmProjects\Mlops_Project_1\src\datascience\config\config.yaml loaded successfully]
[2025-10-23 16:22:59,551-> INFO-> common-> yaml file: C:\Users\Darius\PycharmProjects\Mlops_Project_1\params.yaml loaded successfully]
[2025-10-23 16:22:59,552-> INFO-> common-> yaml file: C:\Users\Darius\PycharmProjects\Mlops_Project_1\schema.yaml loaded successfully]
[2025-10-23 16:22:59,553-> INFO-> common-> created directory at: artifacts]
[2025-10-23 16:22:59,553-> INFO-> common-> created directory at: artifacts/data_ingestion]
[2025-10-23 16:22:59,553-> INFO-> data_ingestion-> File already exists]
[2025-10-23 16:22:59,556-> INFO-> main-> >>>>>> stage Data Ingestion stage completed <<<<<<

x==========x]
[2025-10-23 16:22:59,556-> INFO-> main-> >>>>>> stage Data Validation stage started <<<<<<]
[2025-10-23 16:22:59,558-> INFO-> common-> yaml file: C:\Users\Darius\PycharmProjects\Mlops_Project_1\src\datascience\config\config.yaml loaded successfully]
[2025-10-23 16:22:59,558-> INFO-> common-> yaml file: C:\Users\Darius\PycharmProjects\Mlops_Project_1\params.yaml loaded successfully]
[2025-10-23 16:22:59,560-> INFO-> common-> yaml file: C:\Users\Darius\PycharmProjects\Mlops_Project_1\schema.yaml loaded successfully]
[2025-10-23 16:22:59,560-> INFO-> common-> created directory at: artifacts]
[2025-10-23 16:22:59,560-> INFO-> common-> created directory at: artifacts/data_validation]
[2025-10-23 16:22:59,568-> INFO-> main-> >>>>>> stage Data Validation stage completed <<<<<<

x==========x]
[2025-10-23 16:22:59,568-> INFO-> main-> >>>>>> stage Data Transformation stage started <<<<<<]
[2025-10-23 16:22:59,570-> INFO-> common-> yaml file: C:\Users\Darius\PycharmProjects\Mlops_Project_1\src\datascience\config\config.yaml loaded successfully]
[2025-10-23 16:22:59,571-> INFO-> common-> yaml file: C:\Users\Darius\PycharmProjects\Mlops_Project_1\params.yaml loaded successfully]
[2025-10-23 16:22:59,572-> INFO-> common-> yaml file: C:\Users\Darius\PycharmProjects\Mlops_Project_1\schema.yaml loaded successfully]
[2025-10-23 16:22:59,572-> INFO-> common-> created directory at: artifacts]
[2025-10-23 16:22:59,573-> INFO-> common-> created directory at: artifacts/data_transformation]
[2025-10-23 16:22:59,588-> INFO-> data_transformation-> Split data into training and test sets]
[2025-10-23 16:22:59,588-> INFO-> data_transformation-> (1199, 12)]
[2025-10-23 16:22:59,588-> INFO-> data_transformation-> (400, 12)]
[2025-10-23 16:22:59,588-> INFO-> main-> >>>>>> stage Data Transformation stage completed <<<<<<

x==========x]
[2025-10-23 16:22:59,588-> INFO-> main-> >>>>>> stage Model Trainer stage started <<<<<<]
[2025-10-23 16:22:59,590-> INFO-> common-> yaml file: C:\Users\Darius\PycharmProjects\Mlops_Project_1\src\datascience\config\config.yaml loaded successfully]
[2025-10-23 16:22:59,591-> INFO-> common-> yaml file: C:\Users\Darius\PycharmProjects\Mlops_Project_1\params.yaml loaded successfully]
[2025-10-23 16:22:59,592-> INFO-> common-> yaml file: C:\Users\Darius\PycharmProjects\Mlops_Project_1\schema.yaml loaded successfully]
[2025-10-23 16:22:59,592-> INFO-> common-> created directory at: artifacts]
[2025-10-23 16:22:59,592-> ERROR-> main-> 'tuple' object has no attribute 'ElasticNet']
Traceback (most recent call last):
  File "C:\Users\Darius\PycharmProjects\Mlops_Project_1\main.py", line 54, in <module>
    data_ingestion.initiate_model_training()
  File "C:\Users\Darius\PycharmProjects\Mlops_Project_1\src\datascience\pipeline\model_trainer_pipeline.py", line 14, in initiate_model_training
    model_trainer_config = config.get_model_trainer_config()
                           ^^^^^^^^^^^^^^^^^^^^^^^^^^^^^^^^^
  File "C:\Users\Darius\PycharmProjects\Mlops_Project_1\src\datascience\config\configuration.py", line 64, in get_model_trainer_config
    params = self.params.ElasticNet
             ^^^^^^^^^^^^^^^^^^^^^^
AttributeError: 'tuple' object has no attribute 'ElasticNet'
[2025-10-23 16:25:11,805-> INFO-> main-> >>>>>> stage Data Ingestion stage started <<<<<<]
[2025-10-23 16:25:11,807-> INFO-> common-> yaml file: C:\Users\Darius\PycharmProjects\Mlops_Project_1\src\datascience\config\config.yaml loaded successfully]
[2025-10-23 16:25:11,808-> INFO-> common-> yaml file: C:\Users\Darius\PycharmProjects\Mlops_Project_1\params.yaml loaded successfully]
[2025-10-23 16:25:11,809-> INFO-> common-> yaml file: C:\Users\Darius\PycharmProjects\Mlops_Project_1\schema.yaml loaded successfully]
[2025-10-23 16:25:11,809-> INFO-> common-> created directory at: artifacts]
[2025-10-23 16:25:11,810-> INFO-> common-> created directory at: artifacts/data_ingestion]
[2025-10-23 16:25:11,810-> INFO-> data_ingestion-> File already exists]
[2025-10-23 16:25:11,812-> INFO-> main-> >>>>>> stage Data Ingestion stage completed <<<<<<

x==========x]
[2025-10-23 16:25:11,812-> INFO-> main-> >>>>>> stage Data Validation stage started <<<<<<]
[2025-10-23 16:25:11,813-> INFO-> common-> yaml file: C:\Users\Darius\PycharmProjects\Mlops_Project_1\src\datascience\config\config.yaml loaded successfully]
[2025-10-23 16:25:11,814-> INFO-> common-> yaml file: C:\Users\Darius\PycharmProjects\Mlops_Project_1\params.yaml loaded successfully]
[2025-10-23 16:25:11,815-> INFO-> common-> yaml file: C:\Users\Darius\PycharmProjects\Mlops_Project_1\schema.yaml loaded successfully]
[2025-10-23 16:25:11,816-> INFO-> common-> created directory at: artifacts]
[2025-10-23 16:25:11,816-> INFO-> common-> created directory at: artifacts/data_validation]
[2025-10-23 16:25:11,823-> INFO-> main-> >>>>>> stage Data Validation stage completed <<<<<<

x==========x]
[2025-10-23 16:25:11,824-> INFO-> main-> >>>>>> stage Data Transformation stage started <<<<<<]
[2025-10-23 16:25:11,826-> INFO-> common-> yaml file: C:\Users\Darius\PycharmProjects\Mlops_Project_1\src\datascience\config\config.yaml loaded successfully]
[2025-10-23 16:25:11,826-> INFO-> common-> yaml file: C:\Users\Darius\PycharmProjects\Mlops_Project_1\params.yaml loaded successfully]
[2025-10-23 16:25:11,827-> INFO-> common-> yaml file: C:\Users\Darius\PycharmProjects\Mlops_Project_1\schema.yaml loaded successfully]
[2025-10-23 16:25:11,828-> INFO-> common-> created directory at: artifacts]
[2025-10-23 16:25:11,828-> INFO-> common-> created directory at: artifacts/data_transformation]
[2025-10-23 16:25:11,842-> INFO-> data_transformation-> Split data into training and test sets]
[2025-10-23 16:25:11,843-> INFO-> data_transformation-> (1199, 12)]
[2025-10-23 16:25:11,843-> INFO-> data_transformation-> (400, 12)]
[2025-10-23 16:25:11,843-> INFO-> main-> >>>>>> stage Data Transformation stage completed <<<<<<

x==========x]
[2025-10-23 16:25:11,843-> INFO-> main-> >>>>>> stage Model Trainer stage started <<<<<<]
[2025-10-23 16:25:11,844-> INFO-> common-> yaml file: C:\Users\Darius\PycharmProjects\Mlops_Project_1\src\datascience\config\config.yaml loaded successfully]
[2025-10-23 16:25:11,845-> INFO-> common-> yaml file: C:\Users\Darius\PycharmProjects\Mlops_Project_1\params.yaml loaded successfully]
[2025-10-23 16:25:11,846-> INFO-> common-> yaml file: C:\Users\Darius\PycharmProjects\Mlops_Project_1\schema.yaml loaded successfully]
[2025-10-23 16:25:11,847-> INFO-> common-> created directory at: artifacts]
[2025-10-23 16:25:11,847-> INFO-> common-> created directory at: artifacts/model_trainer]
[2025-10-23 16:25:11,860-> INFO-> main-> >>>>>> stage Model Trainer stage completed <<<<<<

x==========x]
